<?xml version="1.0" encoding="UTF-8"?>
<robot generator="Robot 6.1.1 (Python 3.13.0 on win32)" generated="20241126 12:52:07.844" rpa="false" schemaversion="4">
<suite id="s1" name="Tests" source="C:\Users\lasse\harkka\osa3\login-robot\src\tests">
<suite id="s1-s1" name="Login" source="C:\Users\lasse\harkka\osa3\login-robot\src\tests\login.robot">
<test id="s1-s1-t1" name="Login With Correct Credentials" line="6">
<kw name="Create User And Input Login Command" type="SETUP">
<kw name="Create User" library="AppLibrary">
<arg>kalle</arg>
<arg>kalle123</arg>
<status status="PASS" starttime="20241126 12:52:07.881" endtime="20241126 12:52:07.881"/>
</kw>
<kw name="Input Login Command" library="resource">
<kw name="Input" library="AppLibrary">
<arg>login</arg>
<status status="PASS" starttime="20241126 12:52:07.881" endtime="20241126 12:52:07.881"/>
</kw>
<status status="PASS" starttime="20241126 12:52:07.881" endtime="20241126 12:52:07.881"/>
</kw>
<status status="PASS" starttime="20241126 12:52:07.881" endtime="20241126 12:52:07.881"/>
</kw>
<kw name="Input Credentials" library="resource">
<arg>kalle</arg>
<arg>kalle123</arg>
<kw name="Input" library="AppLibrary">
<arg>${username}</arg>
<status status="PASS" starttime="20241126 12:52:07.882" endtime="20241126 12:52:07.882"/>
</kw>
<kw name="Input" library="AppLibrary">
<arg>${password}</arg>
<status status="PASS" starttime="20241126 12:52:07.882" endtime="20241126 12:52:07.882"/>
</kw>
<kw name="Run Application" library="AppLibrary">
<status status="PASS" starttime="20241126 12:52:07.882" endtime="20241126 12:52:07.882"/>
</kw>
<status status="PASS" starttime="20241126 12:52:07.882" endtime="20241126 12:52:07.882"/>
</kw>
<kw name="Output Should Contain" library="AppLibrary">
<arg>Logged in</arg>
<status status="PASS" starttime="20241126 12:52:07.882" endtime="20241126 12:52:07.882"/>
</kw>
<status status="PASS" starttime="20241126 12:52:07.881" endtime="20241126 12:52:07.883"/>
</test>
<test id="s1-s1-t2" name="Login With Incorrect Password" line="10">
<kw name="Create User And Input Login Command" type="SETUP">
<kw name="Create User" library="AppLibrary">
<arg>kalle</arg>
<arg>kalle123</arg>
<status status="PASS" starttime="20241126 12:52:07.884" endtime="20241126 12:52:07.884"/>
</kw>
<kw name="Input Login Command" library="resource">
<kw name="Input" library="AppLibrary">
<arg>login</arg>
<status status="PASS" starttime="20241126 12:52:07.884" endtime="20241126 12:52:07.884"/>
</kw>
<status status="PASS" starttime="20241126 12:52:07.884" endtime="20241126 12:52:07.884"/>
</kw>
<status status="PASS" starttime="20241126 12:52:07.884" endtime="20241126 12:52:07.884"/>
</kw>
<kw name="Input Credentials" library="resource">
<arg>kalle</arg>
<arg>wrongpassword</arg>
<kw name="Input" library="AppLibrary">
<arg>${username}</arg>
<status status="PASS" starttime="20241126 12:52:07.885" endtime="20241126 12:52:07.885"/>
</kw>
<kw name="Input" library="AppLibrary">
<arg>${password}</arg>
<status status="PASS" starttime="20241126 12:52:07.885" endtime="20241126 12:52:07.885"/>
</kw>
<kw name="Run Application" library="AppLibrary">
<status status="PASS" starttime="20241126 12:52:07.885" endtime="20241126 12:52:07.885"/>
</kw>
<status status="PASS" starttime="20241126 12:52:07.885" endtime="20241126 12:52:07.885"/>
</kw>
<kw name="Output Should Contain" library="AppLibrary">
<arg>Invalid username or password</arg>
<status status="PASS" starttime="20241126 12:52:07.885" endtime="20241126 12:52:07.885"/>
</kw>
<status status="PASS" starttime="20241126 12:52:07.883" endtime="20241126 12:52:07.885"/>
</test>
<test id="s1-s1-t3" name="Login With Nonexistent Username" line="14">
<kw name="Create User And Input Login Command" type="SETUP">
<kw name="Create User" library="AppLibrary">
<arg>kalle</arg>
<arg>kalle123</arg>
<status status="PASS" starttime="20241126 12:52:07.887" endtime="20241126 12:52:07.887"/>
</kw>
<kw name="Input Login Command" library="resource">
<kw name="Input" library="AppLibrary">
<arg>login</arg>
<status status="PASS" starttime="20241126 12:52:07.887" endtime="20241126 12:52:07.887"/>
</kw>
<status status="PASS" starttime="20241126 12:52:07.887" endtime="20241126 12:52:07.887"/>
</kw>
<status status="PASS" starttime="20241126 12:52:07.886" endtime="20241126 12:52:07.887"/>
</kw>
<kw name="Input Credentials" library="resource">
<arg>nonexistent</arg>
<arg>anypassword</arg>
<kw name="Input" library="AppLibrary">
<arg>${username}</arg>
<status status="PASS" starttime="20241126 12:52:07.887" endtime="20241126 12:52:07.887"/>
</kw>
<kw name="Input" library="AppLibrary">
<arg>${password}</arg>
<status status="PASS" starttime="20241126 12:52:07.887" endtime="20241126 12:52:07.887"/>
</kw>
<kw name="Run Application" library="AppLibrary">
<status status="PASS" starttime="20241126 12:52:07.887" endtime="20241126 12:52:07.887"/>
</kw>
<status status="PASS" starttime="20241126 12:52:07.887" endtime="20241126 12:52:07.887"/>
</kw>
<kw name="Output Should Contain" library="AppLibrary">
<arg>Invalid username or password</arg>
<status status="PASS" starttime="20241126 12:52:07.888" endtime="20241126 12:52:07.888"/>
</kw>
<status status="PASS" starttime="20241126 12:52:07.886" endtime="20241126 12:52:07.888"/>
</test>
<status status="PASS" starttime="20241126 12:52:07.870" endtime="20241126 12:52:07.889"/>
</suite>
<suite id="s1-s2" name="Register" source="C:\Users\lasse\harkka\osa3\login-robot\src\tests\register.robot">
<test id="s1-s2-t1" name="Register With Valid Username And Password" line="5">
<kw name="Create User" library="AppLibrary">
<arg>validuser</arg>
<arg>Strong123</arg>
<status status="PASS" starttime="20241126 12:52:07.893" endtime="20241126 12:52:07.893"/>
</kw>
<kw name="Output Should Contain" library="AppLibrary">
<arg>User registered successfully</arg>
<status status="PASS" starttime="20241126 12:52:07.893" endtime="20241126 12:52:07.893"/>
</kw>
<status status="PASS" starttime="20241126 12:52:07.892" endtime="20241126 12:52:07.893"/>
</test>
<test id="s1-s2-t2" name="Register With Already Taken Username And Valid Password" line="9">
<kw name="Create User" library="AppLibrary">
<arg>existinguser</arg>
<arg>InitialPass1!</arg>
<status status="PASS" starttime="20241126 12:52:07.894" endtime="20241126 12:52:07.894"/>
</kw>
<kw name="Create User" library="AppLibrary">
<arg>existinguser</arg>
<arg>Strong123</arg>
<status status="PASS" starttime="20241126 12:52:07.895" endtime="20241126 12:52:07.895"/>
</kw>
<kw name="Output Should Contain" library="AppLibrary">
<arg>Username is already taken</arg>
<status status="PASS" starttime="20241126 12:52:07.895" endtime="20241126 12:52:07.895"/>
</kw>
<status status="PASS" starttime="20241126 12:52:07.894" endtime="20241126 12:52:07.895"/>
</test>
<test id="s1-s2-t3" name="Registration Fails With Short Username" line="14">
<kw name="Create User" library="AppLibrary">
<arg>ab</arg>
<arg>Strong123</arg>
<status status="PASS" starttime="20241126 12:52:07.896" endtime="20241126 12:52:07.896"/>
</kw>
<kw name="Output Should Contain" library="AppLibrary">
<arg>Username must be at least 3 characters long and contain only lowercase letters a-z</arg>
<status status="PASS" starttime="20241126 12:52:07.896" endtime="20241126 12:52:07.896"/>
</kw>
<status status="PASS" starttime="20241126 12:52:07.896" endtime="20241126 12:52:07.896"/>
</test>
<test id="s1-s2-t4" name="Register With Enough Long But Invalid Username And Valid Password" line="18">
<kw name="Create User" library="AppLibrary">
<arg>Invalid1Name</arg>
<arg>Strong123</arg>
<status status="PASS" starttime="20241126 12:52:07.897" endtime="20241126 12:52:07.898"/>
</kw>
<kw name="Output Should Contain" library="AppLibrary">
<arg>Username must be at least 3 characters long and contain only lowercase letters a-z</arg>
<status status="PASS" starttime="20241126 12:52:07.898" endtime="20241126 12:52:07.898"/>
</kw>
<status status="PASS" starttime="20241126 12:52:07.897" endtime="20241126 12:52:07.898"/>
</test>
<test id="s1-s2-t5" name="Register With Valid Username And Too Short Password" line="22">
<kw name="Create User" library="AppLibrary">
<arg>validuser</arg>
<arg>only</arg>
<status status="PASS" starttime="20241126 12:52:07.899" endtime="20241126 12:52:07.899"/>
</kw>
<kw name="Output Should Contain" library="AppLibrary">
<arg>Password must be at least 8 characters long and contain at least one non-alphabetic character</arg>
<status status="PASS" starttime="20241126 12:52:07.899" endtime="20241126 12:52:07.899"/>
</kw>
<doc>Testaa, että heikolla salasanalla rekisteröinti epäonnistuu.</doc>
<status status="PASS" starttime="20241126 12:52:07.899" endtime="20241126 12:52:07.899"/>
</test>
<test id="s1-s2-t6" name="Register With Valid Username And Long Enough Password Containing Only Letters" line="27">
<kw name="Create User" library="AppLibrary">
<arg>validuser</arg>
<arg>onlyletters</arg>
<status status="PASS" starttime="20241126 12:52:07.900" endtime="20241126 12:52:07.901"/>
</kw>
<kw name="Output Should Contain" library="AppLibrary">
<arg>Password must be at least 8 characters long and contain at least one non-alphabetic character</arg>
<status status="PASS" starttime="20241126 12:52:07.901" endtime="20241126 12:52:07.901"/>
</kw>
<doc>Testaa, että heikolla salasanalla rekisteröinti epäonnistuu.</doc>
<status status="PASS" starttime="20241126 12:52:07.900" endtime="20241126 12:52:07.901"/>
</test>
<status status="PASS" starttime="20241126 12:52:07.890" endtime="20241126 12:52:07.902"/>
</suite>
<status status="PASS" starttime="20241126 12:52:07.845" endtime="20241126 12:52:07.903"/>
</suite>
<statistics>
<total>
<stat pass="9" fail="0" skip="0">All Tests</stat>
</total>
<tag>
</tag>
<suite>
<stat pass="9" fail="0" skip="0" id="s1" name="Tests">Tests</stat>
<stat pass="3" fail="0" skip="0" id="s1-s1" name="Login">Tests.Login</stat>
<stat pass="6" fail="0" skip="0" id="s1-s2" name="Register">Tests.Register</stat>
</suite>
</statistics>
<errors>
</errors>
</robot>
