<?xml version="1.0" encoding="UTF-8"?>
<robot generator="Robot 6.1.1 (Python 3.13.0 on win32)" generated="20241126 13:18:59.460" rpa="false" schemaversion="4">
<suite id="s1" name="Tests" source="C:\Users\lasse\harkka\osa3\login-robot\src\tests">
<suite id="s1-s1" name="Login" source="C:\Users\lasse\harkka\osa3\login-robot\src\tests\login.robot">
<test id="s1-s1-t1" name="Login With Correct Credentials" line="6">
<kw name="Create User And Input Login Command" type="SETUP">
<kw name="Create User" library="AppLibrary">
<arg>kalle</arg>
<arg>kalle123</arg>
<status status="PASS" starttime="20241126 13:18:59.503" endtime="20241126 13:18:59.503"/>
</kw>
<kw name="Input Login Command" library="resource">
<kw name="Input" library="AppLibrary">
<arg>login</arg>
<status status="PASS" starttime="20241126 13:18:59.503" endtime="20241126 13:18:59.504"/>
</kw>
<status status="PASS" starttime="20241126 13:18:59.503" endtime="20241126 13:18:59.504"/>
</kw>
<status status="PASS" starttime="20241126 13:18:59.503" endtime="20241126 13:18:59.504"/>
</kw>
<kw name="Input Credentials" library="resource">
<arg>kalle</arg>
<arg>kalle123</arg>
<kw name="Input" library="AppLibrary">
<arg>${username}</arg>
<status status="PASS" starttime="20241126 13:18:59.504" endtime="20241126 13:18:59.504"/>
</kw>
<kw name="Input" library="AppLibrary">
<arg>${password}</arg>
<status status="PASS" starttime="20241126 13:18:59.504" endtime="20241126 13:18:59.504"/>
</kw>
<kw name="Run Application" library="AppLibrary">
<status status="PASS" starttime="20241126 13:18:59.504" endtime="20241126 13:19:08.866"/>
</kw>
<status status="PASS" starttime="20241126 13:18:59.504" endtime="20241126 13:19:08.866"/>
</kw>
<kw name="Output Should Contain" library="AppLibrary">
<arg>Logged in</arg>
<msg timestamp="20241126 13:19:08.867" level="FAIL">Output "Logged in" is not in ['User registered successfully', '']</msg>
<status status="FAIL" starttime="20241126 13:19:08.866" endtime="20241126 13:19:08.867"/>
</kw>
<status status="FAIL" starttime="20241126 13:18:59.503" endtime="20241126 13:19:08.868">Output "Logged in" is not in ['User registered successfully', '']</status>
</test>
<test id="s1-s1-t2" name="Login With Incorrect Password" line="10">
<kw name="Create User And Input Login Command" type="SETUP">
<kw name="Create User" library="AppLibrary">
<arg>kalle</arg>
<arg>kalle123</arg>
<status status="PASS" starttime="20241126 13:19:08.869" endtime="20241126 13:19:08.869"/>
</kw>
<kw name="Input Login Command" library="resource">
<kw name="Input" library="AppLibrary">
<arg>login</arg>
<status status="PASS" starttime="20241126 13:19:08.869" endtime="20241126 13:19:08.870"/>
</kw>
<status status="PASS" starttime="20241126 13:19:08.869" endtime="20241126 13:19:08.870"/>
</kw>
<status status="PASS" starttime="20241126 13:19:08.869" endtime="20241126 13:19:08.870"/>
</kw>
<kw name="Input Credentials" library="resource">
<arg>kalle</arg>
<arg>wrongpassword</arg>
<kw name="Input" library="AppLibrary">
<arg>${username}</arg>
<status status="PASS" starttime="20241126 13:19:08.870" endtime="20241126 13:19:08.870"/>
</kw>
<kw name="Input" library="AppLibrary">
<arg>${password}</arg>
<status status="PASS" starttime="20241126 13:19:08.870" endtime="20241126 13:19:08.870"/>
</kw>
<kw name="Run Application" library="AppLibrary">
<status status="PASS" starttime="20241126 13:19:08.870" endtime="20241126 13:19:25.258"/>
</kw>
<status status="PASS" starttime="20241126 13:19:08.870" endtime="20241126 13:19:25.259"/>
</kw>
<kw name="Output Should Contain" library="AppLibrary">
<arg>Invalid username or password</arg>
<msg timestamp="20241126 13:19:25.259" level="FAIL">Output "Invalid username or password" is not in ['User registered successfully', '']</msg>
<status status="FAIL" starttime="20241126 13:19:25.259" endtime="20241126 13:19:25.260"/>
</kw>
<status status="FAIL" starttime="20241126 13:19:08.869" endtime="20241126 13:19:25.260">Output "Invalid username or password" is not in ['User registered successfully', '']</status>
</test>
<test id="s1-s1-t3" name="Login With Nonexistent Username" line="14">
<kw name="Create User And Input Login Command" type="SETUP">
<kw name="Create User" library="AppLibrary">
<arg>kalle</arg>
<arg>kalle123</arg>
<status status="PASS" starttime="20241126 13:19:25.262" endtime="20241126 13:19:25.262"/>
</kw>
<kw name="Input Login Command" library="resource">
<kw name="Input" library="AppLibrary">
<arg>login</arg>
<status status="PASS" starttime="20241126 13:19:25.262" endtime="20241126 13:19:25.262"/>
</kw>
<status status="PASS" starttime="20241126 13:19:25.262" endtime="20241126 13:19:25.262"/>
</kw>
<status status="PASS" starttime="20241126 13:19:25.261" endtime="20241126 13:19:25.262"/>
</kw>
<kw name="Input Credentials" library="resource">
<arg>nonexistent</arg>
<arg>anypassword</arg>
<kw name="Input" library="AppLibrary">
<arg>${username}</arg>
<status status="PASS" starttime="20241126 13:19:25.262" endtime="20241126 13:19:25.262"/>
</kw>
<kw name="Input" library="AppLibrary">
<arg>${password}</arg>
<status status="PASS" starttime="20241126 13:19:25.262" endtime="20241126 13:19:25.262"/>
</kw>
<kw name="Run Application" library="AppLibrary">
<status status="PASS" starttime="20241126 13:19:25.262" endtime="20241126 13:19:32.588"/>
</kw>
<status status="PASS" starttime="20241126 13:19:25.262" endtime="20241126 13:19:32.588"/>
</kw>
<kw name="Output Should Contain" library="AppLibrary">
<arg>Invalid username or password</arg>
<msg timestamp="20241126 13:19:32.588" level="FAIL">Output "Invalid username or password" is not in ['User registered successfully', '']</msg>
<status status="FAIL" starttime="20241126 13:19:32.588" endtime="20241126 13:19:32.589"/>
</kw>
<status status="FAIL" starttime="20241126 13:19:25.261" endtime="20241126 13:19:32.589">Output "Invalid username or password" is not in ['User registered successfully', '']</status>
</test>
<status status="FAIL" starttime="20241126 13:18:59.487" endtime="20241126 13:19:32.590"/>
</suite>
<suite id="s1-s2" name="Register" source="C:\Users\lasse\harkka\osa3\login-robot\src\tests\register.robot">
<test id="s1-s2-t1" name="Register With Valid Username And Password" line="5">
<kw name="Create User" library="AppLibrary">
<arg>validuser</arg>
<arg>Strong123</arg>
<status status="PASS" starttime="20241126 13:19:32.594" endtime="20241126 13:19:32.595"/>
</kw>
<kw name="Output Should Contain" library="AppLibrary">
<arg>User registered successfully</arg>
<status status="PASS" starttime="20241126 13:19:32.595" endtime="20241126 13:19:32.595"/>
</kw>
<status status="PASS" starttime="20241126 13:19:32.594" endtime="20241126 13:19:32.595"/>
</test>
<test id="s1-s2-t2" name="Register With Already Taken Username And Valid Password" line="9">
<kw name="Create User" library="AppLibrary">
<arg>existinguser</arg>
<arg>InitialPass1!</arg>
<status status="PASS" starttime="20241126 13:19:32.596" endtime="20241126 13:19:32.596"/>
</kw>
<kw name="Create User" library="AppLibrary">
<arg>existinguser</arg>
<arg>Strong123</arg>
<status status="PASS" starttime="20241126 13:19:32.596" endtime="20241126 13:19:32.596"/>
</kw>
<kw name="Output Should Contain" library="AppLibrary">
<arg>Username is already taken</arg>
<status status="PASS" starttime="20241126 13:19:32.596" endtime="20241126 13:19:32.596"/>
</kw>
<status status="PASS" starttime="20241126 13:19:32.596" endtime="20241126 13:19:32.597"/>
</test>
<test id="s1-s2-t3" name="Registration Fails With Short Username" line="14">
<kw name="Create User" library="AppLibrary">
<arg>ab</arg>
<arg>Strong123</arg>
<status status="PASS" starttime="20241126 13:19:32.598" endtime="20241126 13:19:32.598"/>
</kw>
<kw name="Output Should Contain" library="AppLibrary">
<arg>Username must be at least 3 characters long and contain only lowercase letters a-z</arg>
<status status="PASS" starttime="20241126 13:19:32.598" endtime="20241126 13:19:32.598"/>
</kw>
<status status="PASS" starttime="20241126 13:19:32.597" endtime="20241126 13:19:32.598"/>
</test>
<test id="s1-s2-t4" name="Register With Enough Long But Invalid Username And Valid Password" line="18">
<kw name="Create User" library="AppLibrary">
<arg>Invalid1Name</arg>
<arg>Strong123</arg>
<status status="PASS" starttime="20241126 13:19:32.599" endtime="20241126 13:19:32.599"/>
</kw>
<kw name="Output Should Contain" library="AppLibrary">
<arg>Username must be at least 3 characters long and contain only lowercase letters a-z</arg>
<status status="PASS" starttime="20241126 13:19:32.599" endtime="20241126 13:19:32.599"/>
</kw>
<status status="PASS" starttime="20241126 13:19:32.599" endtime="20241126 13:19:32.600"/>
</test>
<test id="s1-s2-t5" name="Register With Valid Username And Too Short Password" line="22">
<kw name="Create User" library="AppLibrary">
<arg>validuser</arg>
<arg>only</arg>
<status status="PASS" starttime="20241126 13:19:32.601" endtime="20241126 13:19:32.601"/>
</kw>
<kw name="Output Should Contain" library="AppLibrary">
<arg>Password must be at least 8 characters long and contain at least one non-alphabetic character</arg>
<status status="PASS" starttime="20241126 13:19:32.601" endtime="20241126 13:19:32.601"/>
</kw>
<doc>Testaa, että heikolla salasanalla rekisteröinti epäonnistuu.</doc>
<status status="PASS" starttime="20241126 13:19:32.600" endtime="20241126 13:19:32.601"/>
</test>
<test id="s1-s2-t6" name="Register With Valid Username And Long Enough Password Containing Only Letters" line="27">
<kw name="Create User" library="AppLibrary">
<arg>validuser</arg>
<arg>onlyletters</arg>
<status status="PASS" starttime="20241126 13:19:32.602" endtime="20241126 13:19:32.602"/>
</kw>
<kw name="Output Should Contain" library="AppLibrary">
<arg>Password must be at least 8 characters long and contain at least one non-alphabetic character</arg>
<status status="PASS" starttime="20241126 13:19:32.602" endtime="20241126 13:19:32.603"/>
</kw>
<doc>Testaa, että heikolla salasanalla rekisteröinti epäonnistuu.</doc>
<status status="PASS" starttime="20241126 13:19:32.602" endtime="20241126 13:19:32.603"/>
</test>
<status status="PASS" starttime="20241126 13:19:32.592" endtime="20241126 13:19:32.603"/>
</suite>
<status status="FAIL" starttime="20241126 13:18:59.461" endtime="20241126 13:19:32.605"/>
</suite>
<statistics>
<total>
<stat pass="6" fail="3" skip="0">All Tests</stat>
</total>
<tag>
</tag>
<suite>
<stat pass="6" fail="3" skip="0" id="s1" name="Tests">Tests</stat>
<stat pass="0" fail="3" skip="0" id="s1-s1" name="Login">Tests.Login</stat>
<stat pass="6" fail="0" skip="0" id="s1-s2" name="Register">Tests.Register</stat>
</suite>
</statistics>
<errors>
</errors>
</robot>
