<?xml version="1.0" encoding="UTF-8"?>
<robot generator="Robot 6.1.1 (Python 3.13.0 on win32)" generated="20241125 17:56:14.301" rpa="false" schemaversion="4">
<suite id="s1" name="Tests" source="C:\Users\lasse\harkka\osa3\login-robot\src\tests">
<suite id="s1-s1" name="Login" source="C:\Users\lasse\harkka\osa3\login-robot\src\tests\login.robot">
<test id="s1-s1-t1" name="Login With Correct Credentials" line="6">
<kw name="Create User And Input Login Command" type="SETUP">
<kw name="Create User" library="AppLibrary">
<arg>kalle</arg>
<arg>kalle123</arg>
<status status="PASS" starttime="20241125 17:56:14.338" endtime="20241125 17:56:14.338"/>
</kw>
<kw name="Input Login Command" library="resource">
<kw name="Input" library="AppLibrary">
<arg>login</arg>
<status status="PASS" starttime="20241125 17:56:14.338" endtime="20241125 17:56:14.338"/>
</kw>
<status status="PASS" starttime="20241125 17:56:14.338" endtime="20241125 17:56:14.338"/>
</kw>
<status status="PASS" starttime="20241125 17:56:14.337" endtime="20241125 17:56:14.338"/>
</kw>
<kw name="Input Credentials" library="resource">
<arg>kalle</arg>
<arg>kalle123</arg>
<kw name="Input" library="AppLibrary">
<arg>${username}</arg>
<status status="PASS" starttime="20241125 17:56:14.338" endtime="20241125 17:56:14.338"/>
</kw>
<kw name="Input" library="AppLibrary">
<arg>${password}</arg>
<status status="PASS" starttime="20241125 17:56:14.339" endtime="20241125 17:56:14.339"/>
</kw>
<kw name="Run Application" library="AppLibrary">
<status status="PASS" starttime="20241125 17:56:14.339" endtime="20241125 17:56:14.339"/>
</kw>
<status status="PASS" starttime="20241125 17:56:14.338" endtime="20241125 17:56:14.339"/>
</kw>
<kw name="Output Should Contain" library="AppLibrary">
<arg>Logged in</arg>
<status status="PASS" starttime="20241125 17:56:14.339" endtime="20241125 17:56:14.339"/>
</kw>
<status status="PASS" starttime="20241125 17:56:14.337" endtime="20241125 17:56:14.339"/>
</test>
<test id="s1-s1-t2" name="Login With Incorrect Password" line="10">
<kw name="Create User And Input Login Command" type="SETUP">
<kw name="Create User" library="AppLibrary">
<arg>kalle</arg>
<arg>kalle123</arg>
<status status="PASS" starttime="20241125 17:56:14.341" endtime="20241125 17:56:14.341"/>
</kw>
<kw name="Input Login Command" library="resource">
<kw name="Input" library="AppLibrary">
<arg>login</arg>
<status status="PASS" starttime="20241125 17:56:14.341" endtime="20241125 17:56:14.342"/>
</kw>
<status status="PASS" starttime="20241125 17:56:14.341" endtime="20241125 17:56:14.342"/>
</kw>
<status status="PASS" starttime="20241125 17:56:14.341" endtime="20241125 17:56:14.342"/>
</kw>
<kw name="Input Credentials" library="resource">
<arg>kalle</arg>
<arg>wrongpassword</arg>
<kw name="Input" library="AppLibrary">
<arg>${username}</arg>
<status status="PASS" starttime="20241125 17:56:14.342" endtime="20241125 17:56:14.342"/>
</kw>
<kw name="Input" library="AppLibrary">
<arg>${password}</arg>
<status status="PASS" starttime="20241125 17:56:14.342" endtime="20241125 17:56:14.342"/>
</kw>
<kw name="Run Application" library="AppLibrary">
<status status="PASS" starttime="20241125 17:56:14.342" endtime="20241125 17:56:14.342"/>
</kw>
<status status="PASS" starttime="20241125 17:56:14.342" endtime="20241125 17:56:14.342"/>
</kw>
<kw name="Output Should Contain" library="AppLibrary">
<arg>Invalid username or password</arg>
<status status="PASS" starttime="20241125 17:56:14.342" endtime="20241125 17:56:14.342"/>
</kw>
<status status="PASS" starttime="20241125 17:56:14.340" endtime="20241125 17:56:14.342"/>
</test>
<test id="s1-s1-t3" name="Login With Nonexistent Username" line="14">
<kw name="Create User And Input Login Command" type="SETUP">
<kw name="Create User" library="AppLibrary">
<arg>kalle</arg>
<arg>kalle123</arg>
<status status="PASS" starttime="20241125 17:56:14.344" endtime="20241125 17:56:14.344"/>
</kw>
<kw name="Input Login Command" library="resource">
<kw name="Input" library="AppLibrary">
<arg>login</arg>
<status status="PASS" starttime="20241125 17:56:14.344" endtime="20241125 17:56:14.344"/>
</kw>
<status status="PASS" starttime="20241125 17:56:14.344" endtime="20241125 17:56:14.344"/>
</kw>
<status status="PASS" starttime="20241125 17:56:14.343" endtime="20241125 17:56:14.344"/>
</kw>
<kw name="Input Credentials" library="resource">
<arg>nonexistent</arg>
<arg>anypassword</arg>
<kw name="Input" library="AppLibrary">
<arg>${username}</arg>
<status status="PASS" starttime="20241125 17:56:14.344" endtime="20241125 17:56:14.344"/>
</kw>
<kw name="Input" library="AppLibrary">
<arg>${password}</arg>
<status status="PASS" starttime="20241125 17:56:14.344" endtime="20241125 17:56:14.345"/>
</kw>
<kw name="Run Application" library="AppLibrary">
<status status="PASS" starttime="20241125 17:56:14.345" endtime="20241125 17:56:14.345"/>
</kw>
<status status="PASS" starttime="20241125 17:56:14.344" endtime="20241125 17:56:14.345"/>
</kw>
<kw name="Output Should Contain" library="AppLibrary">
<arg>Invalid username or password</arg>
<status status="PASS" starttime="20241125 17:56:14.345" endtime="20241125 17:56:14.345"/>
</kw>
<status status="PASS" starttime="20241125 17:56:14.343" endtime="20241125 17:56:14.345"/>
</test>
<status status="PASS" starttime="20241125 17:56:14.327" endtime="20241125 17:56:14.346"/>
</suite>
<status status="PASS" starttime="20241125 17:56:14.302" endtime="20241125 17:56:14.347"/>
</suite>
<statistics>
<total>
<stat pass="3" fail="0" skip="0">All Tests</stat>
</total>
<tag>
</tag>
<suite>
<stat pass="3" fail="0" skip="0" id="s1" name="Tests">Tests</stat>
<stat pass="3" fail="0" skip="0" id="s1-s1" name="Login">Tests.Login</stat>
</suite>
</statistics>
<errors>
</errors>
</robot>
